<?xml version="1.0" encoding="UTF-8"?>
<!-- Generated by org.testng.reporters.JUnitReportReporter -->
<testsuite skipped="1" hostname="nvginws168" name="testng_Demo.Retrytest" tests="2" failures="0" timestamp="20 Nov 2018 12:24:24 GMT" time="0.014" errors="0">
  <testcase name="test1" time="0.002" classname="testng_Demo.Retrytest"/>
  <testcase name="test1" time="0.012" classname="testng_Demo.Retrytest">
    <skipped/>
  </testcase> <!-- test1 -->
</testsuite> <!-- testng_Demo.Retrytest -->
