<?xml version="1.0" encoding="UTF-8"?>
<!-- Generated by org.testng.reporters.JUnitReportReporter -->
<testsuite skipped="0" hostname="nvginws168" name="TestNG_Practice.Parameterstestng" tests="1" failures="0" timestamp="23 Nov 2018 07:01:12 GMT" time="14.856" errors="0">
  <testcase name="yahoologintestmethod" time="14.856" classname="TestNG_Practice.Parameterstestng"/>
</testsuite> <!-- TestNG_Practice.Parameterstestng -->
