<?xml version="1.0" encoding="UTF-8"?>
<!-- Generated by org.testng.reporters.JUnitReportReporter -->
<testsuite skipped="0" hostname="nvginws168" name="testng_Demo.GroupingTest" tests="2" failures="0" timestamp="20 Nov 2018 10:02:20 GMT" time="0.013" errors="0">
  <testcase name="test2" time="0.003" classname="testng_Demo.GroupingTest"/>
  <testcase name="test1" time="0.010" classname="testng_Demo.GroupingTest"/>
</testsuite> <!-- testng_Demo.GroupingTest -->
