<?xml version="1.0" encoding="UTF-8"?>
<!-- Generated by org.testng.reporters.JUnitReportReporter -->
<testsuite skipped="0" hostname="nvginws168" name="TestNG_Practice.Parameterstestng" tests="1" failures="0" timestamp="12 Dec 2018 12:34:22 GMT" time="8.181" errors="0">
  <testcase name="yahoologintestmethod" time="8.181" classname="TestNG_Practice.Parameterstestng"/>
</testsuite> <!-- TestNG_Practice.Parameterstestng -->
