<?xml version="1.0" encoding="UTF-8"?>
<!-- Generated by org.testng.reporters.JUnitReportReporter -->
<testsuite skipped="0" hostname="nvginws168" name="testng_Demo.GroupingTest" tests="4" failures="0" timestamp="12 Dec 2018 12:41:00 GMT" time="0.017" errors="0">
  <testcase name="test4" time="0.003" classname="testng_Demo.GroupingTest"/>
  <testcase name="test2" time="0.002" classname="testng_Demo.GroupingTest"/>
  <testcase name="test3" time="0.004" classname="testng_Demo.GroupingTest"/>
  <testcase name="test1" time="0.008" classname="testng_Demo.GroupingTest"/>
</testsuite> <!-- testng_Demo.GroupingTest -->
